#
# There is insufficient memory for the Java Runtime Environment to continue.
# Native memory allocation (malloc) failed to allocate 128816 bytes for Chunk::new
# Possible reasons:
#   The system is out of physical RAM or swap space
#   In 32 bit mode, the process size limit was hit
# Possible solutions:
#   Reduce memory load on the system
#   Increase physical memory or swap space
#   Check if swap backing store is full
#   Use 64 bit Java on a 64 bit OS
#   Decrease Java heap size (-Xmx/-Xms)
#   Decrease number of Java threads
#   Decrease Java thread stack sizes (-Xss)
#   Set larger code cache with -XX:ReservedCodeCacheSize=
# This output file may be truncated or incomplete.
#
#  Out of Memory Error (allocation.cpp:388), pid=8412, tid=10752
#
# JRE version: Java(TM) SE Runtime Environment (8.0_05-b13) (build 1.8.0_05-b13)
# Java VM: Java HotSpot(TM) 64-Bit Server VM (25.5-b02 mixed mode windows-amd64 compressed oops)
# Failed to write core dump. Minidumps are not enabled by default on client versions of Windows
#

---------------  T H R E A D  ---------------

Current thread (0x0000000019737000):  JavaThread "C2 CompilerThread0" daemon [_thread_in_native, id=10752, stack(0x0000000019d10000,0x0000000019e10000)]

Stack: [0x0000000019d10000,0x0000000019e10000]
Native frames: (J=compiled Java code, j=interpreted, Vv=VM code, C=native code)
V  [jvm.dll+0x308dea]


Current CompileTask:
C2:    717  503 %     4       EulerExplicitSolver::solve @ 484 (692 bytes)


---------------  P R O C E S S  ---------------

Java Threads: ( => current thread )
  0x000000000091e000 JavaThread "Unknown thread" [_thread_blocked, id=11152, stack(0x0000000002540000,0x0000000002640000)]
  0x000000001a95a000 JavaThread "TimerQueue" daemon [_thread_blocked, id=12096, stack(0x000000001e870000,0x000000001e970000)]
  0x000000001a87e000 JavaThread "D3D Screen Updater" daemon [_thread_blocked, id=12012, stack(0x000000001de30000,0x000000001df30000)]
  0x000000001a846800 JavaThread "AWT-EventQueue-0" [_thread_blocked, id=8916, stack(0x000000001b770000,0x000000001b870000)]
  0x0000000019b0d000 JavaThread "AWT-Windows" daemon [_thread_in_native, id=10108, stack(0x000000001b020000,0x000000001b120000)]
  0x0000000019b0b000 JavaThread "AWT-Shutdown" [_thread_blocked, id=8804, stack(0x000000001af20000,0x000000001b020000)]
  0x0000000019b0a800 JavaThread "Java2D Disposer" daemon [_thread_blocked, id=1632, stack(0x000000001a5f0000,0x000000001a6f0000)]
  0x0000000019885000 JavaThread "Monitor Ctrl-Break" daemon [_thread_in_native, id=10488, stack(0x000000001a410000,0x000000001a510000)]
  0x00000000197cb800 JavaThread "Service Thread" daemon [_thread_blocked, id=13296, stack(0x000000001a110000,0x000000001a210000)]
  0x0000000019749800 JavaThread "C1 CompilerThread3" daemon [_thread_in_native, id=4184, stack(0x000000001a010000,0x000000001a110000)]
  0x000000001973e000 JavaThread "C2 CompilerThread2" daemon [_thread_in_vm, id=9232, stack(0x0000000019f10000,0x000000001a010000)]
  0x000000001973c000 JavaThread "C2 CompilerThread1" daemon [_thread_in_native, id=12484, stack(0x0000000019e10000,0x0000000019f10000)]
=>0x0000000019737000 JavaThread "C2 CompilerThread0" daemon [_thread_in_native, id=10752, stack(0x0000000019d10000,0x0000000019e10000)]
  0x0000000019735800 JavaThread "Attach Listener" daemon [_thread_blocked, id=236, stack(0x0000000019c10000,0x0000000019d10000)]
  0x0000000019734800 JavaThread "Signal Dispatcher" daemon [_thread_blocked, id=10832, stack(0x0000000019b10000,0x0000000019c10000)]
  0x000000000273a000 JavaThread "Finalizer" daemon [_thread_blocked, id=5144, stack(0x00000000195e0000,0x00000000196e0000)]
  0x0000000002731000 JavaThread "Reference Handler" daemon [_thread_blocked, id=3576, stack(0x00000000194e0000,0x00000000195e0000)]

Other Threads:
  0x0000000017719000 VMThread [stack: 0x00000000193e0000,0x00000000194e0000] [id=6460]
  0x00000000197cd000 WatcherThread [stack: 0x000000001a210000,0x000000001a310000] [id=9780]

VM state:synchronizing (normal execution)

VM Mutex/Monitor currently owned by a thread:  ([mutex/lock_event])
[0x000000000091cdb0] Threads_lock - owner thread: 0x0000000017719000
[0x000000000091dbb0] Heap_lock - owner thread: 0x000000000091e000

Heap:
 PSYoungGen      total 4608K, used 3871K [0x00000000d5d80000, 0x00000000d6580000, 0x0000000100000000)
  eden space 3072K, 100% used [0x00000000d5d80000,0x00000000d6080000,0x00000000d6080000)
  from space 1536K, 52% used [0x00000000d6080000,0x00000000d6147d00,0x00000000d6200000)
  to   space 1536K, 0% used [0x00000000d6400000,0x00000000d6400000,0x00000000d6580000)
 ParOldGen       total 129536K, used 1916K [0x0000000081800000, 0x0000000089680000, 0x00000000d5d80000)
  object space 129536K, 1% used [0x0000000081800000,0x00000000819df398,0x0000000089680000)
 Metaspace       used 11460K, capacity 11592K, committed 11904K, reserved 1060864K
  class space    used 1340K, capacity 1378K, committed 1408K, reserved 1048576K

Card table byte_map: [0x0000000011b10000,0x0000000011f10000] byte_map_base: 0x0000000011704000

Marking Bits: (ParMarkBitMap*) 0x000000005ff313b0
 Begin Bits: [0x00000000129c0000, 0x0000000014960000)
 End Bits:   [0x0000000014960000, 0x0000000016900000)

Polling page: 0x00000000024d0000

CodeCache: size=245760Kb used=2318Kb max_used=2329Kb free=243441Kb
 bounds [0x0000000002750000, 0x00000000029c0000, 0x0000000011750000]
 total_blobs=1043 nmethods=566 adapters=391
 compilation: enabled

Compilation events (10 events):
Event: 0.654 Thread 0x0000000019749800 nmethod 564 0x00000000029932d0 code [0x0000000002993420, 0x0000000002993530]
Event: 0.654 Thread 0x0000000019749800  565       1       java.util.Formatter::access$300 (5 bytes)
Event: 0.654 Thread 0x0000000019749800 nmethod 565 0x0000000002993590 code [0x00000000029936e0, 0x00000000029937d0]
Event: 0.654 Thread 0x0000000019749800  566       1       java.util.Formatter::access$000 (5 bytes)
Event: 0.654 Thread 0x0000000019749800 nmethod 566 0x0000000002993850 code [0x00000000029939a0, 0x0000000002993a90]
Event: 0.654 Thread 0x0000000019749800  567       1       sun.nio.cs.StreamEncoder::isOpen (5 bytes)
Event: 0.654 Thread 0x0000000019749800 nmethod 567 0x0000000002993b10 code [0x0000000002993c60, 0x0000000002993d70]
Event: 0.654 Thread 0x0000000019749800  569       3       sun.misc.FloatingDecimal$BinaryToASCIIBuffer::dtoa (1509 bytes)
Event: 0.656 Thread 0x000000001973e000 nmethod 559 0x0000000002996c50 code [0x0000000002996da0, 0x0000000002997018]
Event: 0.665 Thread 0x000000001973e000  575       4       java.lang.String::getChars (62 bytes)

GC Heap History (10 events):
Event: 0.390 GC heap before
{Heap before GC invocations=5 (full 0):
 PSYoungGen      total 1536K, used 1534K [0x00000000d5d80000, 0x00000000d5f80000, 0x0000000100000000)
  eden space 1024K, 99% used [0x00000000d5d80000,0x00000000d5e7fa60,0x00000000d5e80000)
  from space 512K, 100% used [0x00000000d5f00000,0x00000000d5f80000,0x00000000d5f80000)
  to   space 512K, 0% used [0x00000000d5e80000,0x00000000d5e80000,0x00000000d5f00000)
 ParOldGen       total 129536K, used 524K [0x0000000081800000, 0x0000000089680000, 0x00000000d5d80000)
  object space 129536K, 0% used [0x0000000081800000,0x0000000081883010,0x0000000089680000)
 Metaspace       used 8125K, capacity 8298K, committed 8448K, reserved 1056768K
  class space    used 952K, capacity 987K, committed 1024K, reserved 1048576K
Event: 0.391 GC heap after
Heap after GC invocations=5 (full 0):
 PSYoungGen      total 1536K, used 512K [0x00000000d5d80000, 0x00000000d6180000, 0x0000000100000000)
  eden space 1024K, 0% used [0x00000000d5d80000,0x00000000d5d80000,0x00000000d5e80000)
  from space 512K, 100% used [0x00000000d5e80000,0x00000000d5f00000,0x00000000d5f00000)
  to   space 1024K, 0% used [0x00000000d6080000,0x00000000d6080000,0x00000000d6180000)
 ParOldGen       total 129536K, used 1044K [0x0000000081800000, 0x0000000089680000, 0x00000000d5d80000)
  object space 129536K, 0% used [0x0000000081800000,0x0000000081905040,0x0000000089680000)
 Metaspace       used 8125K, capacity 8298K, committed 8448K, reserved 1056768K
  class space    used 952K, capacity 987K, committed 1024K, reserved 1048576K
}
Event: 0.550 GC heap before
{Heap before GC invocations=6 (full 0):
 PSYoungGen      total 1536K, used 1513K [0x00000000d5d80000, 0x00000000d6180000, 0x0000000100000000)
  eden space 1024K, 97% used [0x00000000d5d80000,0x00000000d5e7a418,0x00000000d5e80000)
  from space 512K, 100% used [0x00000000d5e80000,0x00000000d5f00000,0x00000000d5f00000)
  to   space 1024K, 0% used [0x00000000d6080000,0x00000000d6080000,0x00000000d6180000)
 ParOldGen       total 129536K, used 1044K [0x0000000081800000, 0x0000000089680000, 0x00000000d5d80000)
  object space 129536K, 0% used [0x0000000081800000,0x0000000081905040,0x0000000089680000)
 Metaspace       used 10114K, capacity 10302K, committed 10624K, reserved 1058816K
  class space    used 1267K, capacity 1312K, committed 1408K, reserved 1048576K
Event: 0.552 GC heap after
Heap after GC invocations=6 (full 0):
 PSYoungGen      total 2560K, used 951K [0x00000000d5d80000, 0x00000000d6280000, 0x0000000100000000)
  eden space 1536K, 0% used [0x00000000d5d80000,0x00000000d5d80000,0x00000000d5f00000)
  from space 1024K, 92% used [0x00000000d6080000,0x00000000d616df00,0x00000000d6180000)
  to   space 1536K, 0% used [0x00000000d5f00000,0x00000000d5f00000,0x00000000d6080000)
 ParOldGen       total 129536K, used 1052K [0x0000000081800000, 0x0000000089680000, 0x00000000d5d80000)
  object space 129536K, 0% used [0x0000000081800000,0x0000000081907040,0x0000000089680000)
 Metaspace       used 10114K, capacity 10302K, committed 10624K, reserved 1058816K
  class space    used 1267K, capacity 1312K, committed 1408K, reserved 1048576K
}
Event: 0.554 GC heap before
{Heap before GC invocations=7 (full 0):
 PSYoungGen      total 2560K, used 1986K [0x00000000d5d80000, 0x00000000d6280000, 0x0000000100000000)
  eden space 1536K, 67% used [0x00000000d5d80000,0x00000000d5e82a40,0x00000000d5f00000)
  from space 1024K, 92% used [0x00000000d6080000,0x00000000d616df00,0x00000000d6180000)
  to   space 1536K, 0% used [0x00000000d5f00000,0x00000000d5f00000,0x00000000d6080000)
 ParOldGen       total 129536K, used 1052K [0x0000000081800000, 0x0000000089680000, 0x00000000d5d80000)
  object space 129536K, 0% used [0x0000000081800000,0x0000000081907040,0x0000000089680000)
 Metaspace       used 10146K, capacity 10334K, committed 10624K, reserved 1058816K
  class space    used 1270K, capacity 1344K, committed 1408K, reserved 1048576K
Event: 0.555 GC heap after
Heap after GC invocations=7 (full 0):
 PSYoungGen      total 3072K, used 1247K [0x00000000d5d80000, 0x00000000d6380000, 0x0000000100000000)
  eden space 1536K, 0% used [0x00000000d5d80000,0x00000000d5d80000,0x00000000d5f00000)
  from space 1536K, 81% used [0x00000000d5f00000,0x00000000d6037c10,0x00000000d6080000)
  to   space 1536K, 0% used [0x00000000d6200000,0x00000000d6200000,0x00000000d6380000)
 ParOldGen       total 129536K, used 1284K [0x0000000081800000, 0x0000000089680000, 0x00000000d5d80000)
  object space 129536K, 0% used [0x0000000081800000,0x0000000081941060,0x0000000089680000)
 Metaspace       used 10146K, capacity 10334K, committed 10624K, reserved 1058816K
  class space    used 1270K, capacity 1344K, committed 1408K, reserved 1048576K
}
Event: 0.585 GC heap before
{Heap before GC invocations=8 (full 0):
 PSYoungGen      total 3072K, used 2783K [0x00000000d5d80000, 0x00000000d6380000, 0x0000000100000000)
  eden space 1536K, 100% used [0x00000000d5d80000,0x00000000d5f00000,0x00000000d5f00000)
  from space 1536K, 81% used [0x00000000d5f00000,0x00000000d6037c10,0x00000000d6080000)
  to   space 1536K, 0% used [0x00000000d6200000,0x00000000d6200000,0x00000000d6380000)
 ParOldGen       total 129536K, used 1284K [0x0000000081800000, 0x0000000089680000, 0x00000000d5d80000)
  object space 129536K, 0% used [0x0000000081800000,0x0000000081941060,0x0000000089680000)
 Metaspace       used 11153K, capacity 11294K, committed 11648K, reserved 1058816K
  class space    used 1312K, capacity 1344K, committed 1408K, reserved 1048576K
Event: 0.586 GC heap after
Heap after GC invocations=8 (full 0):
 PSYoungGen      total 4608K, used 723K [0x00000000d5d80000, 0x00000000d6380000, 0x0000000100000000)
  eden space 3072K, 0% used [0x00000000d5d80000,0x00000000d5d80000,0x00000000d6080000)
  from space 1536K, 47% used [0x00000000d6200000,0x00000000d62b4d30,0x00000000d6380000)
  to   space 1536K, 0% used [0x00000000d6080000,0x00000000d6080000,0x00000000d6200000)
 ParOldGen       total 129536K, used 1456K [0x0000000081800000, 0x0000000089680000, 0x00000000d5d80000)
  object space 129536K, 1% used [0x0000000081800000,0x000000008196c070,0x0000000089680000)
 Metaspace       used 11153K, capacity 11294K, committed 11648K, reserved 1058816K
  class space    used 1312K, capacity 1344K, committed 1408K, reserved 1048576K
}
Event: 0.613 GC heap before
{Heap before GC invocations=9 (full 0):
 PSYoungGen      total 4608K, used 3795K [0x00000000d5d80000, 0x00000000d6380000, 0x0000000100000000)
  eden space 3072K, 100% used [0x00000000d5d80000,0x00000000d6080000,0x00000000d6080000)
  from space 1536K, 47% used [0x00000000d6200000,0x00000000d62b4d30,0x00000000d6380000)
  to   space 1536K, 0% used [0x00000000d6080000,0x00000000d6080000,0x00000000d6200000)
 ParOldGen       total 129536K, used 1456K [0x0000000081800000, 0x0000000089680000, 0x00000000d5d80000)
  object space 129536K, 1% used [0x0000000081800000,0x000000008196c070,0x0000000089680000)
 Metaspace       used 11166K, capacity 11294K, committed 11648K, reserved 1058816K
  class space    used 1312K, capacity 1344K, committed 1408K, reserved 1048576K
Event: 0.615 GC heap after
Heap after GC invocations=9 (full 0):
 PSYoungGen      total 4608K, used 799K [0x00000000d5d80000, 0x00000000d6580000, 0x0000000100000000)
  eden space 3072K, 0% used [0x00000000d5d80000,0x00000000d5d80000,0x00000000d6080000)
  from space 1536K, 52% used [0x00000000d6080000,0x00000000d6147d00,0x00000000d6200000)
  to   space 1536K, 0% used [0x00000000d6400000,0x00000000d6400000,0x00000000d6580000)
 ParOldGen       total 129536K, used 1916K [0x0000000081800000, 0x0000000089680000, 0x00000000d5d80000)
  object space 129536K, 1% used [0x0000000081800000,0x00000000819df398,0x0000000089680000)
 Metaspace       used 11166K, capacity 11294K, committed 11648K, reserved 1058816K
  class space    used 1312K, capacity 1344K, committed 1408K, reserved 1048576K
}

Deoptimization events (0 events):
No events

Internal exceptions (10 events):
Event: 0.582 Thread 0x000000000091e000 Exception <a 'java/security/PrivilegedActionException'> (0x00000000d5eeb078) thrown at [D:\re\workspace\8-2-build-windows-amd64-cygwin\jdk8u5\2488\hotspot\src\share\vm\prims\jvm.cpp, line 1248]
Event: 0.619 Thread 0x000000000091e000 Exception <a 'java/security/PrivilegedActionException'> (0x00000000d5e84b80) thrown at [D:\re\workspace\8-2-build-windows-amd64-cygwin\jdk8u5\2488\hotspot\src\share\vm\prims\jvm.cpp, line 1248]
Event: 0.619 Thread 0x000000000091e000 Exception <a 'java/security/PrivilegedActionException'> (0x00000000d5e87590) thrown at [D:\re\workspace\8-2-build-windows-amd64-cygwin\jdk8u5\2488\hotspot\src\share\vm\prims\jvm.cpp, line 1248]
Event: 0.623 Thread 0x000000000091e000 Exception <a 'java/security/PrivilegedActionException'> (0x00000000d5f91808) thrown at [D:\re\workspace\8-2-build-windows-amd64-cygwin\jdk8u5\2488\hotspot\src\share\vm\prims\jvm.cpp, line 1248]
Event: 0.623 Thread 0x000000000091e000 Exception <a 'java/security/PrivilegedActionException'> (0x00000000d5f94138) thrown at [D:\re\workspace\8-2-build-windows-amd64-cygwin\jdk8u5\2488\hotspot\src\share\vm\prims\jvm.cpp, line 1248]
Event: 0.627 Thread 0x000000000091e000 Exception <a 'java/security/PrivilegedActionException'> (0x00000000d5fa51b0) thrown at [D:\re\workspace\8-2-build-windows-amd64-cygwin\jdk8u5\2488\hotspot\src\share\vm\prims\jvm.cpp, line 1248]
Event: 0.628 Thread 0x000000000091e000 Exception <a 'java/security/PrivilegedActionException'> (0x00000000d5fa82d8) thrown at [D:\re\workspace\8-2-build-windows-amd64-cygwin\jdk8u5\2488\hotspot\src\share\vm\prims\jvm.cpp, line 1248]
Event: 0.631 Thread 0x000000000091e000 Exception <a 'java/security/PrivilegedActionException'> (0x00000000d5faf680) thrown at [D:\re\workspace\8-2-build-windows-amd64-cygwin\jdk8u5\2488\hotspot\src\share\vm\prims\jvm.cpp, line 1248]
Event: 0.632 Thread 0x000000000091e000 Exception <a 'java/security/PrivilegedActionException'> (0x00000000d5fb4598) thrown at [D:\re\workspace\8-2-build-windows-amd64-cygwin\jdk8u5\2488\hotspot\src\share\vm\prims\jvm.cpp, line 1248]
Event: 0.632 Thread 0x000000000091e000 Exception <a 'java/security/PrivilegedActionException'> (0x00000000d5fcbd18) thrown at [D:\re\workspace\8-2-build-windows-amd64-cygwin\jdk8u5\2488\hotspot\src\share\vm\prims\jvm.cpp, line 1248]

Events (10 events):
Event: 0.630 loading class sun/misc/FormattedFloatingDecimal$2
Event: 0.630 loading class sun/misc/FormattedFloatingDecimal$2 done
Event: 0.631 loading class kotlin/io/IoPackage
Event: 0.631 loading class kotlin/io/IoPackage done
Event: 0.632 loading class kotlin/io/IoPackage$Console$3d764294
Event: 0.632 loading class kotlin/io/IoPackage$Console$3d764294 done
Event: 0.632 loading class kotlin/io/IoPackage$Console$3d764294$stdin$1
Event: 0.632 loading class kotlin/io/IoPackage$Console$3d764294$stdin$1 done
Event: 0.641 Executing VM operation: CollectForMetadataAllocation
Event: 0.641 Executing VM operation: CollectForMetadataAllocation done


Dynamic libraries:
0x00007ff621a30000 - 0x00007ff621a64000 	C:\Program Files\Java\jdk1.8.0_05\bin\java.exe
0x00007ffe751d0000 - 0x00007ffe7538d000 	C:\WINDOWS\SYSTEM32\ntdll.dll
0x00007ffe72a10000 - 0x00007ffe72abf000 	C:\WINDOWS\system32\KERNEL32.DLL
0x00007ffe727e0000 - 0x00007ffe729b6000 	C:\WINDOWS\system32\KERNELBASE.dll
0x00007ffe72b20000 - 0x00007ffe72bc6000 	C:\WINDOWS\system32\ADVAPI32.dll
0x00007ffe72c70000 - 0x00007ffe72d0d000 	C:\WINDOWS\system32\msvcrt.dll
0x00007ffe749d0000 - 0x00007ffe74a2a000 	C:\WINDOWS\system32\sechost.dll
0x00007ffe74390000 - 0x00007ffe744b6000 	C:\WINDOWS\system32\RPCRT4.dll
0x00007ffe74ae0000 - 0x00007ffe74c4c000 	C:\WINDOWS\system32\USER32.dll
0x00007ffe74740000 - 0x00007ffe748c1000 	C:\WINDOWS\system32\GDI32.dll
0x00007ffe6e060000 - 0x00007ffe6e2ce000 	C:\WINDOWS\WinSxS\amd64_microsoft.windows.common-controls_6595b64144ccf1df_6.0.10074.0_none_829357a05fa06a26\COMCTL32.dll
0x00007ffe72bd0000 - 0x00007ffe72c05000 	C:\WINDOWS\system32\IMM32.DLL
0x00007ffe744c0000 - 0x00007ffe7461c000 	C:\WINDOWS\system32\MSCTF.dll
0x00007ffe71ca0000 - 0x00007ffe71cd1000 	C:\Windows\system32\nvinitx.dll
0x00007ffe71c90000 - 0x00007ffe71c9a000 	C:\WINDOWS\SYSTEM32\VERSION.dll
0x000000005ffb0000 - 0x0000000060082000 	C:\Program Files\Java\jdk1.8.0_05\jre\bin\msvcr100.dll
0x000000005f780000 - 0x000000005ffaa000 	C:\Program Files\Java\jdk1.8.0_05\jre\bin\server\jvm.dll
0x00007ffe74e20000 - 0x00007ffe74e27000 	C:\WINDOWS\system32\PSAPI.DLL
0x00007ffe6b830000 - 0x00007ffe6b839000 	C:\WINDOWS\SYSTEM32\WSOCK32.dll
0x00007ffe6e030000 - 0x00007ffe6e052000 	C:\WINDOWS\SYSTEM32\WINMM.dll
0x00007ffe74620000 - 0x00007ffe7467b000 	C:\WINDOWS\system32\WS2_32.dll
0x00007ffe748f0000 - 0x00007ffe748f8000 	C:\WINDOWS\system32\NSI.dll
0x00007ffe6df50000 - 0x00007ffe6df7b000 	C:\WINDOWS\SYSTEM32\WINMMBASE.dll
0x00007ffe729c0000 - 0x00007ffe72a04000 	C:\WINDOWS\system32\cfgmgr32.dll
0x00007ffe6fc00000 - 0x00007ffe6fc26000 	C:\WINDOWS\SYSTEM32\DEVOBJ.dll
0x000000005f770000 - 0x000000005f77f000 	C:\Program Files\Java\jdk1.8.0_05\jre\bin\verify.dll
0x000000005f740000 - 0x000000005f768000 	C:\Program Files\Java\jdk1.8.0_05\jre\bin\java.dll
0x000000005f720000 - 0x000000005f736000 	C:\Program Files\Java\jdk1.8.0_05\jre\bin\zip.dll
0x00007ffe72ec0000 - 0x00007ffe742cd000 	C:\WINDOWS\system32\SHELL32.dll
0x00007ffe71e50000 - 0x00007ffe72424000 	C:\WINDOWS\system32\windows.storage.dll
0x00007ffe74f70000 - 0x00007ffe751c6000 	C:\WINDOWS\system32\combase.dll
0x00007ffe74a30000 - 0x00007ffe74a80000 	C:\WINDOWS\system32\shlwapi.dll
0x00007ffe71e00000 - 0x00007ffe71e0e000 	C:\WINDOWS\system32\kernel.appcore.dll
0x00007ffe72430000 - 0x00007ffe724dc000 	C:\WINDOWS\system32\shcore.dll
0x00007ffe71db0000 - 0x00007ffe71df8000 	C:\WINDOWS\system32\powrprof.dll
0x00007ffe71e30000 - 0x00007ffe71e44000 	C:\WINDOWS\system32\profapi.dll
0x00007ffe6a930000 - 0x00007ffe6a940000 	C:\Program Files (x86)\JetBrains\IntelliJ IDEA 14.1.2\bin\breakgen64.dll
0x000000005f700000 - 0x000000005f71a000 	C:\Program Files\Java\jdk1.8.0_05\jre\bin\net.dll
0x00007ffe71580000 - 0x00007ffe715d8000 	C:\WINDOWS\system32\mswsock.dll
0x000000005f500000 - 0x000000005f696000 	C:\Program Files\Java\jdk1.8.0_05\jre\bin\awt.dll
0x00007ffe74680000 - 0x00007ffe7473e000 	C:\WINDOWS\system32\OLEAUT32.dll
0x00007ffe705a0000 - 0x00007ffe70618000 	C:\WINDOWS\system32\apphelp.dll
0x00007ffe6fa90000 - 0x00007ffe6fab0000 	C:\WINDOWS\system32\DWMAPI.DLL
0x00007ffe706f0000 - 0x00007ffe707b9000 	C:\WINDOWS\SYSTEM32\dcomp.dll
0x00007ffe70640000 - 0x00007ffe706cf000 	C:\WINDOWS\system32\uxtheme.dll
0x00007ffe70570000 - 0x00007ffe70595000 	C:\WINDOWS\SYSTEM32\edputil.dll
0x00007ffe70440000 - 0x00007ffe70565000 	C:\WINDOWS\SYSTEM32\wintypes.dll
0x00007ffe700f0000 - 0x00007ffe7043e000 	C:\WINDOWS\SYSTEM32\iertutil.dll
0x00007ffe715e0000 - 0x00007ffe715f6000 	C:\WINDOWS\SYSTEM32\CRYPTSP.dll
0x00007ffe71ce0000 - 0x00007ffe71d08000 	C:\WINDOWS\SYSTEM32\bcrypt.dll
0x00007ffe74e30000 - 0x00007ffe74f6b000 	C:\WINDOWS\system32\ole32.dll
0x00007ffe71b80000 - 0x00007ffe71be8000 	C:\WINDOWS\SYSTEM32\bcryptPrimitives.dll
0x000000005f4b0000 - 0x000000005f4f7000 	C:\Program Files\Java\jdk1.8.0_05\jre\bin\fontmanager.dll
0x00007ffe4fd60000 - 0x00007ffe4ff6d000 	C:\WINDOWS\system32\d3d9.dll
0x00007ffe53b00000 - 0x00007ffe54561000 	C:\WINDOWS\SYSTEM32\igdumdim64.dll
0x00007ffe65be0000 - 0x00007ffe6603d000 	C:\WINDOWS\SYSTEM32\igdusc64.dll
0x000000005f6e0000 - 0x000000005f6f1000 	C:\Program Files\Java\jdk1.8.0_05\jre\bin\nio.dll
0x000000005f460000 - 0x000000005f4a1000 	C:\Program Files\Java\jdk1.8.0_05\jre\bin\t2k.dll
0x00007ffe742d0000 - 0x00007ffe74374000 	C:\WINDOWS\system32\clbcatq.dll
0x00007ffe6f8b0000 - 0x00007ffe6fa5f000 	C:\WINDOWS\SYSTEM32\WindowsCodecs.dll
0x00007ffe71240000 - 0x00007ffe71273000 	C:\WINDOWS\system32\rsaenh.dll
0x00007ffe71730000 - 0x00007ffe7173a000 	C:\WINDOWS\SYSTEM32\CRYPTBASE.dll
0x00007ffe67230000 - 0x00007ffe67263000 	C:\WINDOWS\system32\dataexchange.dll
0x00007ffe6a060000 - 0x00007ffe6a549000 	C:\WINDOWS\system32\d2d1.dll
0x00007ffe6a550000 - 0x00007ffe6a7c2000 	C:\WINDOWS\system32\d3d11.dll
0x00007ffe69fc0000 - 0x00007ffe6a057000 	C:\WINDOWS\system32\dxgi.dll
0x00007ffe707c0000 - 0x00007ffe70895000 	C:\WINDOWS\system32\twinapi.appcore.dll
0x00007ffe71370000 - 0x00007ffe7138e000 	C:\WINDOWS\system32\USERENV.dll

VM Arguments:
jvm_args: -Didea.launcher.port=7554 -Didea.launcher.bin.path=C:\Program Files (x86)\JetBrains\IntelliJ IDEA 14.1.2\bin -Dfile.encoding=windows-1251 
java_command: com.intellij.rt.execution.application.AppMain Main
java_class_path (initial): C:\Program Files\Java\jdk1.8.0_05\jre\lib\charsets.jar;C:\Program Files\Java\jdk1.8.0_05\jre\lib\deploy.jar;C:\Program Files\Java\jdk1.8.0_05\jre\lib\javaws.jar;C:\Program Files\Java\jdk1.8.0_05\jre\lib\jce.jar;C:\Program Files\Java\jdk1.8.0_05\jre\lib\jfr.jar;C:\Program Files\Java\jdk1.8.0_05\jre\lib\jfxswt.jar;C:\Program Files\Java\jdk1.8.0_05\jre\lib\jsse.jar;C:\Program Files\Java\jdk1.8.0_05\jre\lib\management-agent.jar;C:\Program Files\Java\jdk1.8.0_05\jre\lib\plugin.jar;C:\Program Files\Java\jdk1.8.0_05\jre\lib\resources.jar;C:\Program Files\Java\jdk1.8.0_05\jre\lib\rt.jar;C:\Program Files\Java\jdk1.8.0_05\jre\lib\ext\access-bridge-64.jar;C:\Program Files\Java\jdk1.8.0_05\jre\lib\ext\cldrdata.jar;C:\Program Files\Java\jdk1.8.0_05\jre\lib\ext\dnsns.jar;C:\Program Files\Java\jdk1.8.0_05\jre\lib\ext\jaccess.jar;C:\Program Files\Java\jdk1.8.0_05\jre\lib\ext\jfxrt.jar;C:\Program Files\Java\jdk1.8.0_05\jre\lib\ext\localedata.jar;C:\Program Files\Java\jdk1.8.0_05\jre\lib\ext\nashorn.jar;C:\Program Files\Java\jdk1.8.0_05\jre\lib\ext\sunec.jar;C:\Program Files\Java\jdk1.8.0_05\jre\lib\ext\sunjce_provider.jar;C:\Program Files\Java\jdk1.8.0_05\jre\lib\ext\sunmscapi.jar;C:\Program Files\Java\jdk1.8.0_05\jre\lib\ext\sunpkcs11.jar;C:\Program Files\Java\jdk1.8.0_05\jre\lib\ext\zipfs.jar;D:\Workspace\DeffEqNumerical\build\classes\main;D:\Workspace\DeffEqNumerical\build\resources\main;C:\Users\Sergey\.gradle\caches\modules-2\files-2.1\org.jetbrains.kotlin\kotlin-stdlib\0.11.91.4\c29ef01063ec696fc9028d9568a050bab294a8fa\kotlin-stdlib-0.11.91.4.jar;C:\Users\Sergey\.gradle\caches\modules-2\files-2.1\org.jetbrains.kotlin\kotlin-runtime\0.11.91.4\16b50241d6d04386148f42d4c4d1e8034d8a2c35\kotlin-runtime-0.11.91.4.jar;C:\Users\Sergey\.gradle\caches\modules-2\files-2.1\org.jetbrains.kotlin\kotlin-swing\0.11.91.4\bdd772ce925b895b79f562231682c8a0ef44973c\kotlin-swing-0.11.91.4.jar;C:\Program Files (x86)\JetBrains\IntelliJ IDEA 14.1.2\lib\idea_rt.jar
Launcher Type: SUN_STANDARD

Environment Variables:
JAVA_HOME=C:\Program Files\Java\jdk1.8.0_05
PATH=C:\Perl64\site\bin;C:\Perl64\bin;C:\ProgramData\Oracle\Java\javapath;D:\Python27;D:\Python27\Scripts;C:\WINDOWS\system32;C:\WINDOWS;C:\WINDOWS\System32\Wbem;C:\WINDOWS\System32\WindowsPowerShell\v1.0\;C:\Program Files (x86)\Windows Kits\8.1\Windows Performance Toolkit\;C:\Program Files\Microsoft SQL Server\110\Tools\Binn\;D:\Android\android-sdk\platform-tools;C:\Program Files\Apache Maven\apache-maven-3.2.3\bin;C:\Program Files (x86)\Microsoft SDKs\TypeScript\1.0\;D:\Android\apktool;C:\Program Files\Microsoft SQL Server\120\Tools\Binn\;C:\Program Files\Java\jdk1.8.0_05\bin;C:\Program Files\TortoiseGit\bin;C:\Program Files\Apache Maven\apache-maven-3.2.3\bin;D:\Software\kotlinc\bin;C:\Program Files (x86)\Git\cmd;C:\Program Files (x86)\Graphviz2.38\bin;c:\MinGW\bin;
USERNAME=Sergey
OS=Windows_NT
PROCESSOR_IDENTIFIER=Intel64 Family 6 Model 58 Stepping 9, GenuineIntel



---------------  S Y S T E M  ---------------

OS: Windows 8.1 , 64 bit Build 9600 

CPU:total 8 (4 cores per cpu, 2 threads per core) family 6 model 58 stepping 9, cmov, cx8, fxsr, mmx, sse, sse2, sse3, ssse3, sse4.1, sse4.2, popcnt, avx, aes, clmul, erms, ht, tsc, tscinvbit

Memory: 4k page, physical 8282604k(2900284k free), swap 11428332k(3056k free)

vm_info: Java HotSpot(TM) 64-Bit Server VM (25.5-b02) for windows-amd64 JRE (1.8.0_05-b13), built on Mar 18 2014 01:08:39 by "java_re" with MS VC++ 10.0 (VS2010)

time: Sun May 10 12:38:16 2015
elapsed time: 0 seconds

